INFO:root:Crawler is scraping 666 unseen movies
INFO:root:ADDED UNSEEN VERTEX for 'On the Waterfront'
INFO:root:ADDED UNSEEN VERTEX for 'Casino Royale'
INFO:root:ADDED UNSEEN VERTEX for 'Footloose'
INFO:root:ADDED UNSEEN VERTEX for 'Wreck-It Ralph'
INFO:root:ADDED UNSEEN VERTEX for 'Enemy'
INFO:root:ADDED UNSEEN VERTEX for 'Moneyball'
INFO:root:ADDED UNSEEN VERTEX for 'To Rome with Love'
INFO:root:ADDED UNSEEN VERTEX for 'Role Models'
INFO:root:ADDED UNSEEN VERTEX for 'Wyatt Earp'
INFO:root:ADDED UNSEEN VERTEX for 'Pokmon: The Movie 2000'
INFO:root:ADDED UNSEEN VERTEX for 'A Knight's Tale'
INFO:root:ADDED UNSEEN VERTEX for 'Barton Fink'
INFO:root:ADDED UNSEEN VERTEX for 'I, Tonya'
INFO:root:ADDED UNSEEN VERTEX for 'Despicable Me'
INFO:root:ADDED UNSEEN VERTEX for 'Manhattan'
INFO:root:ADDED UNSEEN VERTEX for 'War for the Planet of the Apes'
INFO:root:ADDED UNSEEN VERTEX for 'WALLE'
INFO:root:ADDED UNSEEN VERTEX for 'Fido'
INFO:root:ADDED UNSEEN VERTEX for 'Bound'
INFO:root:ADDED UNSEEN VERTEX for 'The African Queen'
INFO:root:ADDED UNSEEN VERTEX for 'What's Your Number?'
INFO:root:ADDED UNSEEN VERTEX for 'The Theory of Everything'
INFO:root:ADDED UNSEEN VERTEX for 'National Treasure'
INFO:root:ADDED UNSEEN VERTEX for 'Alien: Resurrection'
INFO:root:ADDED UNSEEN VERTEX for 'Whip It'
INFO:root:ADDED UNSEEN VERTEX for 'Honey, I Shrunk the Kids'
INFO:root:ADDED UNSEEN VERTEX for 'Inside Man'
INFO:root:ADDED UNSEEN VERTEX for 'Road to Perdition'
INFO:root:ADDED UNSEEN VERTEX for 'Superman'
INFO:root:ADDED UNSEEN VERTEX for 'Million Dollar Baby'
INFO:root:ADDED UNSEEN VERTEX for 'Contraband'
INFO:root:ADDED UNSEEN VERTEX for 'The NeverEnding Story'
INFO:root:ADDED UNSEEN VERTEX for 'Princess Mononoke'
INFO:root:ADDED UNSEEN VERTEX for 'Pirates of the Caribbean: At World's End'
INFO:root:ADDED UNSEEN VERTEX for 'Creepshow'
INFO:root:ADDED UNSEEN VERTEX for 'The Rules of Attraction'
INFO:root:ADDED UNSEEN VERTEX for 'Kaze tachinu'
INFO:root:ADDED UNSEEN VERTEX for 'Ice Age'
INFO:root:ADDED UNSEEN VERTEX for 'Mommie Dearest'
INFO:root:ADDED UNSEEN VERTEX for 'King Kong'
INFO:root:ADDED UNSEEN VERTEX for 'Unforgiven'
INFO:root:ADDED UNSEEN VERTEX for 'Friends with Benefits'
INFO:root:ADDED UNSEEN VERTEX for 'The Founder'
INFO:root:ADDED UNSEEN VERTEX for 'Gran Torino'
INFO:root:ADDED UNSEEN VERTEX for 'North by Northwest'
INFO:root:ADDED UNSEEN VERTEX for 'Trolls'
INFO:root:ADDED UNSEEN VERTEX for 'Blindness'
INFO:root:ADDED UNSEEN VERTEX for 'Lone Survivor'
INFO:root:ADDED UNSEEN VERTEX for 'Killing Zoe'
INFO:root:ADDED UNSEEN VERTEX for 'Rabbit Hole'
INFO:root:ADDED UNSEEN VERTEX for 'Elizabeth'
INFO:root:ADDED UNSEEN VERTEX for 'Born on the Fourth of July'
INFO:root:ADDED UNSEEN VERTEX for 'The Lego Ninjago Movie'
INFO:root:ADDED UNSEEN VERTEX for 'Network'
INFO:root:ADDED UNSEEN VERTEX for 'Contact'
INFO:root:ADDED UNSEEN VERTEX for 'Frank'
INFO:root:ADDED UNSEEN VERTEX for 'Harry Potter and the Sorcerer's Stone'
INFO:root:ADDED UNSEEN VERTEX for 'The Last Detail'
INFO:root:ADDED UNSEEN VERTEX for 'Hot Fuzz'
INFO:root:ADDED UNSEEN VERTEX for 'Jackie Brown'
INFO:root:ADDED UNSEEN VERTEX for 'The Fault in Our Stars'
INFO:root:ADDED UNSEEN VERTEX for 'The Town'
INFO:root:ADDED UNSEEN VERTEX for 'Stand by Me'
INFO:root:ADDED UNSEEN VERTEX for 'My Dog Skip'
INFO:root:ADDED UNSEEN VERTEX for 'Horrible Bosses'
INFO:root:ADDED UNSEEN VERTEX for '10 Things I Hate About You'
INFO:root:ADDED UNSEEN VERTEX for 'The Full Monty'
INFO:root:ADDED UNSEEN VERTEX for 'The Fugitive'
INFO:root:ADDED UNSEEN VERTEX for 'Harry Potter and the Chamber of Secrets'
INFO:root:ADDED UNSEEN VERTEX for 'London Boulevard'
INFO:root:ADDED UNSEEN VERTEX for 'Michael Clayton'
INFO:root:ADDED UNSEEN VERTEX for 'Brother Bear'
INFO:root:ADDED UNSEEN VERTEX for 'Paths of Glory'
INFO:root:ADDED UNSEEN VERTEX for 'Easy Rider'
INFO:root:ADDED UNSEEN VERTEX for 'Hands of Stone'
INFO:root:ADDED UNSEEN VERTEX for 'They Live'
INFO:root:ADDED UNSEEN VERTEX for 'Porco Rosso'
INFO:root:ADDED UNSEEN VERTEX for 'Traffic'
INFO:root:ADDED UNSEEN VERTEX for 'Minions'
INFO:root:ADDED UNSEEN VERTEX for 'Gremlins'
INFO:root:ADDED UNSEEN VERTEX for 'Storks'
INFO:root:ADDED UNSEEN VERTEX for 'The BFG'
INFO:root:ADDED UNSEEN VERTEX for 'House of Flying Daggers'
INFO:root:ADDED UNSEEN VERTEX for 'Hocus Pocus'
INFO:root:ADDED UNSEEN VERTEX for '8 Mile'
INFO:root:ADDED UNSEEN VERTEX for 'Locke'
INFO:root:ADDED UNSEEN VERTEX for 'Free State of Jones'
INFO:root:ADDED UNSEEN VERTEX for 'Bowling for Columbine'
INFO:root:ADDED UNSEEN VERTEX for 'Monty Python and the Holy Grail'
INFO:root:ADDED UNSEEN VERTEX for 'Don Jon'
INFO:root:ADDED UNSEEN VERTEX for 'Point Break'
INFO:root:ADDED UNSEEN VERTEX for 'Mission: Impossible - Ghost Protocol'
INFO:root:ADDED UNSEEN VERTEX for 'The Neon Demon'
INFO:root:ADDED UNSEEN VERTEX for 'Philadelphia'
INFO:root:ADDED UNSEEN VERTEX for 'Flushed Away'
INFO:root:ADDED UNSEEN VERTEX for 'Zero Dark Thirty'
INFO:root:ADDED UNSEEN VERTEX for 'Terminator 2'
INFO:root:ADDED UNSEEN VERTEX for 'Bubba Ho-Tep'
INFO:root:ADDED UNSEEN VERTEX for 'Vicky Cristina Barcelona'
INFO:root:ADDED UNSEEN VERTEX for 'Harlem Nights'
INFO:root:ADDED UNSEEN VERTEX for 'Thank You for Smoking'
INFO:root:ADDED UNSEEN VERTEX for 'The Ghost Writer'
INFO:root:ADDED UNSEEN VERTEX for 'Bobby'
INFO:root:ADDED UNSEEN VERTEX for 'Minority Report'
INFO:root:ADDED UNSEEN VERTEX for 'Tarzan'
INFO:root:ADDED UNSEEN VERTEX for 'Shaun of the Dead'
INFO:root:ADDED UNSEEN VERTEX for 'Phantom Thread'
INFO:root:ADDED UNSEEN VERTEX for 'Driving Miss Daisy'
INFO:root:ADDED UNSEEN VERTEX for 'Malcolm X'
INFO:root:ADDED UNSEEN VERTEX for 'Joy'
INFO:root:ADDED UNSEEN VERTEX for 'The Last Temptation of Christ'
INFO:root:ADDED UNSEEN VERTEX for 'Sixteen Candles'
INFO:root:ADDED UNSEEN VERTEX for 'Now You See Me 2'
INFO:root:ADDED UNSEEN VERTEX for 'Contagion'
INFO:root:ADDED UNSEEN VERTEX for 'Invincible'
INFO:root:ADDED UNSEEN VERTEX for 'The Life Aquatic with Steve Zissou'
INFO:root:ADDED UNSEEN VERTEX for 'Hair'
INFO:root:ADDED UNSEEN VERTEX for 'The Conversation'
INFO:root:ADDED UNSEEN VERTEX for 'Harry Potter and the Goblet of Fire'
INFO:root:ADDED UNSEEN VERTEX for 'American Hustle'
INFO:root:ADDED UNSEEN VERTEX for 'Batman Returns'
INFO:root:ADDED UNSEEN VERTEX for 'Bonnie and Clyde'
INFO:root:ADDED UNSEEN VERTEX for 'Harry Potter and the Half-Blood Prince'
INFO:root:ADDED UNSEEN VERTEX for 'Face/Off'
INFO:root:ADDED UNSEEN VERTEX for 'Ratatouille'
INFO:root:ADDED UNSEEN VERTEX for 'Match Point'
INFO:root:ADDED UNSEEN VERTEX for 'Kinsey'
INFO:root:ADDED UNSEEN VERTEX for 'Meet the Blacks'
INFO:root:ADDED UNSEEN VERTEX for 'Dirty Harry'
INFO:root:ADDED UNSEEN VERTEX for 'Doctor Strange'
INFO:root:ADDED UNSEEN VERTEX for 'From Dusk Till Dawn'
INFO:root:ADDED UNSEEN VERTEX for 'Man cheng jin dai huang jin jia'
INFO:root:ADDED UNSEEN VERTEX for 'Tequila Sunrise'
INFO:root:ADDED UNSEEN VERTEX for 'Batman v Superman: Dawn of Justice'
INFO:root:ADDED UNSEEN VERTEX for 'Before Midnight'
INFO:root:ADDED UNSEEN VERTEX for 'Paprika'
INFO:root:ADDED UNSEEN VERTEX for 'Carol'
INFO:root:ADDED UNSEEN VERTEX for 'The Revenant'
INFO:root:ADDED UNSEEN VERTEX for 'Barbershop'
INFO:root:ADDED UNSEEN VERTEX for 'In Time'
INFO:root:ADDED UNSEEN VERTEX for 'Spectre'
INFO:root:ADDED UNSEEN VERTEX for 'Patriot Games'
INFO:root:ADDED UNSEEN VERTEX for 'Nocturnal Animals'
INFO:root:ADDED UNSEEN VERTEX for 'The Devil Wears Prada'
INFO:root:ADDED UNSEEN VERTEX for 'Rushmore'
INFO:root:ADDED UNSEEN VERTEX for 'Snatch'
INFO:root:ADDED UNSEEN VERTEX for 'Treasure Planet'
INFO:root:ADDED UNSEEN VERTEX for 'Titanic'
INFO:root:ADDED UNSEEN VERTEX for 'Clerks'
INFO:root:ADDED UNSEEN VERTEX for 'I, Robot'
INFO:root:ADDED UNSEEN VERTEX for 'The Transformers: The Movie'
INFO:root:ADDED UNSEEN VERTEX for 'Step Brothers'
INFO:root:ADDED UNSEEN VERTEX for 'The Curious Case of Benjamin Button'
INFO:root:ADDED UNSEEN VERTEX for 'American Psycho'
INFO:root:ADDED UNSEEN VERTEX for 'Heat'
INFO:root:ADDED UNSEEN VERTEX for 'Batman'
INFO:root:ADDED UNSEEN VERTEX for 'Ace Ventura: Pet Detective'
INFO:root:ADDED UNSEEN VERTEX for 'Lawrence of Arabia'
INFO:root:ADDED UNSEEN VERTEX for 'Notorious'
INFO:root:ADDED UNSEEN VERTEX for 'Ted 2'
INFO:root:ADDED UNSEEN VERTEX for 'Top Gun'
INFO:root:ADDED UNSEEN VERTEX for 'Weird Science'
INFO:root:ADDED UNSEEN VERTEX for 'Knocked Up'
INFO:root:ADDED UNSEEN VERTEX for 'Spellbound'
INFO:root:ADDED UNSEEN VERTEX for 'Blue Jasmine'
INFO:root:ADDED UNSEEN VERTEX for 'Cast Away'
INFO:root:ADDED UNSEEN VERTEX for 'Mulan'
INFO:root:ADDED UNSEEN VERTEX for 'Serenity'
INFO:root:ADDED UNSEEN VERTEX for 'Sudden Impact'
INFO:root:ADDED UNSEEN VERTEX for 'The Queen'
INFO:root:ADDED UNSEEN VERTEX for 'The Hunger Games: Catching Fire'
INFO:root:ADDED UNSEEN VERTEX for 'Cinema Paradiso'
INFO:root:ADDED UNSEEN VERTEX for 'Forgetting Sarah Marshall'
INFO:root:ADDED UNSEEN VERTEX for 'Elite Squad'
INFO:root:ADDED UNSEEN VERTEX for 'This Is 40'
INFO:root:ADDED UNSEEN VERTEX for 'Beetlejuice'
INFO:root:ADDED UNSEEN VERTEX for 'The Fate of the Furious'
INFO:root:ADDED UNSEEN VERTEX for 'Spy'
INFO:root:ADDED UNSEEN VERTEX for 'Super 8'
INFO:root:ADDED UNSEEN VERTEX for 'Boogie Nights'
INFO:root:ADDED UNSEEN VERTEX for 'As Good as It Gets'
INFO:root:ADDED UNSEEN VERTEX for 'S.W.A.T.'
INFO:root:ADDED UNSEEN VERTEX for 'Gandhi'
INFO:root:ADDED UNSEEN VERTEX for 'Y Tu Mam Tambin'
INFO:root:ADDED UNSEEN VERTEX for 'Clueless'
INFO:root:ADDED UNSEEN VERTEX for 'Brave'
INFO:root:ADDED UNSEEN VERTEX for '21'
INFO:root:ADDED UNSEEN VERTEX for 'X-Men: Apocalypse'
INFO:root:ADDED UNSEEN VERTEX for 'Phone Booth'
INFO:root:ADDED UNSEEN VERTEX for 'Kong: Skull Island'
INFO:root:ADDED UNSEEN VERTEX for 'Kick-Ass'
INFO:root:ADDED UNSEEN VERTEX for 'Dead Man Walking'
INFO:root:ADDED UNSEEN VERTEX for 'The Deer Hunter'
INFO:root:ADDED UNSEEN VERTEX for 'Heartbreak Ridge'
INFO:root:ADDED UNSEEN VERTEX for 'Baraka'
INFO:root:ADDED UNSEEN VERTEX for 'The Curse of the Were-Rabbit'
INFO:root:ADDED UNSEEN VERTEX for 'A Beautiful Mind'
INFO:root:ADDED UNSEEN VERTEX for 'Cowboy Bebop: The Movie'
INFO:root:ADDED UNSEEN VERTEX for 'The Hobbit: The Desolation of Smaug'
INFO:root:ADDED UNSEEN VERTEX for 'Remember the Titans'
INFO:root:ADDED UNSEEN VERTEX for 'Dead Ringers'
INFO:root:ADDED UNSEEN VERTEX for 'The Fifth Element'
INFO:root:ADDED UNSEEN VERTEX for 'Once Upon a Time in the West'
INFO:root:ADDED UNSEEN VERTEX for 'Ferdinand'
INFO:root:ADDED UNSEEN VERTEX for 'The Lost World: Jurassic Park'
INFO:root:ADDED UNSEEN VERTEX for 'Closer'
INFO:root:ADDED UNSEEN VERTEX for 'Captain America: The First Avenger'
INFO:root:ADDED UNSEEN VERTEX for 'Dark City'
INFO:root:ADDED UNSEEN VERTEX for 'Harry Potter and the Order of the Phoenix'
INFO:root:ADDED UNSEEN VERTEX for 'Indiana Jones and the Temple of Doom'
INFO:root:ADDED UNSEEN VERTEX for 'Juno'
INFO:root:ADDED UNSEEN VERTEX for 'Magnum Force'
INFO:root:ADDED UNSEEN VERTEX for 'Friday'
INFO:root:ADDED UNSEEN VERTEX for 'The Remains of the Day'
INFO:root:ADDED UNSEEN VERTEX for 'Hang 'Em High'
INFO:root:ADDED UNSEEN VERTEX for 'Nausica of the Valley of the Wind'
INFO:root:ADDED UNSEEN VERTEX for 'The Judge'
INFO:root:ADDED UNSEEN VERTEX for 'The Kids Are All Right'
INFO:root:ADDED UNSEEN VERTEX for 'The Science of Sleep'
INFO:root:ADDED UNSEEN VERTEX for 'Under the Skin'
INFO:root:ADDED UNSEEN VERTEX for 'Hannibal'
INFO:root:ADDED UNSEEN VERTEX for 'It Comes at Night'
INFO:root:ADDED UNSEEN VERTEX for 'Being John Malkovich'
INFO:root:ADDED UNSEEN VERTEX for 'The Wolf of Wall Street'
INFO:root:ADDED UNSEEN VERTEX for 'The Interview'
INFO:root:ADDED UNSEEN VERTEX for 'The Talented Mr. Ripley'
INFO:root:ADDED UNSEEN VERTEX for 'Conan the Barbarian'
INFO:root:ADDED UNSEEN VERTEX for 'The November Man'
INFO:root:ADDED UNSEEN VERTEX for 'Stuck in Love'
INFO:root:ADDED UNSEEN VERTEX for 'Far from Heaven'
INFO:root:ADDED UNSEEN VERTEX for 'Exit Through the Gift Shop'
INFO:root:ADDED UNSEEN VERTEX for 'Autumn Sonata'
INFO:root:ADDED UNSEEN VERTEX for 'Trainspotting'
INFO:root:ADDED UNSEEN VERTEX for 'Silent Hill'
INFO:root:ADDED UNSEEN VERTEX for 'The Hours'
INFO:root:ADDED UNSEEN VERTEX for 'Y Tu Mam Tambin'
INFO:root:ADDED UNSEEN VERTEX for 'Cars'
INFO:root:ADDED UNSEEN VERTEX for 'Pretty in Pink'
INFO:root:ADDED UNSEEN VERTEX for 'Milk'
INFO:root:ADDED UNSEEN VERTEX for 'Only Yesterday'
INFO:root:ADDED UNSEEN VERTEX for 'Chicken Run'
INFO:root:ADDED UNSEEN VERTEX for 'The Big Sleep'
INFO:root:ADDED UNSEEN VERTEX for 'Going Clear: Scientology & the Prison of Belief'
INFO:root:ADDED UNSEEN VERTEX for 'Wedding Crashers'
INFO:root:ADDED UNSEEN VERTEX for 'Rio Bravo'
INFO:root:ADDED UNSEEN VERTEX for 'Bridge of Spies'
INFO:root:ADDED UNSEEN VERTEX for 'Kiki's Delivery Service'
INFO:root:ADDED UNSEEN VERTEX for 'Lolita'
INFO:root:ADDED UNSEEN VERTEX for 'Terminator Salvation'
INFO:root:ADDED UNSEEN VERTEX for 'Easy A'
INFO:root:ADDED UNSEEN VERTEX for 'Boy'
INFO:root:ADDED UNSEEN VERTEX for 'Molly's Game'
INFO:root:ADDED UNSEEN VERTEX for 'Beowulf'
INFO:root:ADDED UNSEEN VERTEX for 'Of Mice and Men'
INFO:root:ADDED UNSEEN VERTEX for 'Gone with the Wind'
INFO:root:ADDED UNSEEN VERTEX for 'Hunt for the Wilderpeople'
INFO:root:ADDED UNSEEN VERTEX for 'Hook'
INFO:root:ADDED UNSEEN VERTEX for 'Rudy'
INFO:root:ADDED UNSEEN VERTEX for 'Arsenic and Old Lace'
INFO:root:ADDED UNSEEN VERTEX for 'Now, Voyager'
INFO:root:ADDED UNSEEN VERTEX for 'The Water Diviner'
INFO:root:ADDED UNSEEN VERTEX for 'Jerry Maguire'
INFO:root:ADDED UNSEEN VERTEX for 'Pirates of the Caribbean: Dead Men Tell No Tales'
INFO:root:ADDED UNSEEN VERTEX for 'The Adventures of Robin Hood'
INFO:root:ADDED UNSEEN VERTEX for 'Enchanted'
INFO:root:ADDED UNSEEN VERTEX for 'Kung Fu Panda'
INFO:root:ADDED UNSEEN VERTEX for 'Hairspray'
INFO:root:ADDED UNSEEN VERTEX for 'Her'
INFO:root:ADDED UNSEEN VERTEX for 'The Cable Guy'
INFO:root:ADDED UNSEEN VERTEX for 'A.I. Artificial Intelligence'
INFO:root:ADDED UNSEEN VERTEX for 'Hancock'
INFO:root:ADDED UNSEEN VERTEX for 'The Terminal'
INFO:root:ADDED UNSEEN VERTEX for 'Hoosiers'
INFO:root:ADDED UNSEEN VERTEX for 'Moon'
INFO:root:ADDED UNSEEN VERTEX for '300'
INFO:root:ADDED UNSEEN VERTEX for 'Ingrid Goes West'
INFO:root:ADDED UNSEEN VERTEX for 'The Guard'
INFO:root:ADDED UNSEEN VERTEX for 'Hard Candy'
INFO:root:ADDED UNSEEN VERTEX for 'The Big Chill'
INFO:root:ADDED UNSEEN VERTEX for 'ParaNorman'
INFO:root:ADDED UNSEEN VERTEX for 'X-Men: Days of Future Past'
INFO:root:ADDED UNSEEN VERTEX for 'Bad Taste'
INFO:root:ADDED UNSEEN VERTEX for 'Southpaw'
INFO:root:ADDED UNSEEN VERTEX for 'Spider-Man'
INFO:root:ADDED UNSEEN VERTEX for 'The Last Picture Show'
INFO:root:ADDED UNSEEN VERTEX for 'Steve Jobs'
INFO:root:ADDED UNSEEN VERTEX for 'Eagle Eye'
INFO:root:ADDED UNSEEN VERTEX for 'Bruce Almighty'
INFO:root:ADDED UNSEEN VERTEX for 'The Grey'
INFO:root:ADDED UNSEEN VERTEX for 'The Virgin Suicides'
INFO:root:ADDED UNSEEN VERTEX for 'The Hunt for Red October'
INFO:root:ADDED UNSEEN VERTEX for 'Before I Wake'
INFO:root:ADDED UNSEEN VERTEX for 'The Way'
INFO:root:ADDED UNSEEN VERTEX for 'E.T. the Extra-Terrestrial'
INFO:root:ADDED UNSEEN VERTEX for 'Misery'
INFO:root:ADDED UNSEEN VERTEX for 'Mud'
INFO:root:ADDED UNSEEN VERTEX for 'Boyz n the Hood'
INFO:root:ADDED UNSEEN VERTEX for 'Zombieland'
INFO:root:ADDED UNSEEN VERTEX for 'Three Colors: Red'
INFO:root:ADDED UNSEEN VERTEX for 'The Forbidden Kingdom'
INFO:root:ADDED UNSEEN VERTEX for 'The Goonies'
INFO:root:ADDED UNSEEN VERTEX for 'Pirates of the Caribbean: Dead Man's Chest'
INFO:root:ADDED UNSEEN VERTEX for 'The Motorcycle Diaries'
INFO:root:ADDED UNSEEN VERTEX for 'The Good Dinosaur'
INFO:root:ADDED UNSEEN VERTEX for 'Sunshine'
INFO:root:ADDED UNSEEN VERTEX for 'The Hunchback of Notre Dame'
INFO:root:ADDED UNSEEN VERTEX for 'Thor'
INFO:root:ADDED UNSEEN VERTEX for 'Thief'
INFO:root:ADDED UNSEEN VERTEX for 'Man on a Ledge'
INFO:root:ADDED UNSEEN VERTEX for 'Patriots Day'
INFO:root:ADDED UNSEEN VERTEX for 'Revolutionary Road'
INFO:root:ADDED UNSEEN VERTEX for 'Mr. & Mrs. Smith'
INFO:root:ADDED UNSEEN VERTEX for 'Perfect Blue'
INFO:root:ADDED UNSEEN VERTEX for 'You Can Count on Me'
INFO:root:ADDED UNSEEN VERTEX for 'Captain Phillips'
INFO:root:ADDED UNSEEN VERTEX for 'Ferris Bueller's Day Off'
INFO:root:ADDED UNSEEN VERTEX for 'Lost Highway'
INFO:root:ADDED UNSEEN VERTEX for 'The Hunger Games: Mockingjay - Part 2'
INFO:root:ADDED UNSEEN VERTEX for 'Elite Squad: The Enemy Within'
INFO:root:ADDED UNSEEN VERTEX for 'The Matrix Reloaded'
INFO:root:ADDED UNSEEN VERTEX for 'Passengers'
INFO:root:ADDED UNSEEN VERTEX for 'Born Into Brothels: Calcutta's Red Light Kids'
INFO:root:ADDED UNSEEN VERTEX for 'Frozen'
INFO:root:ADDED UNSEEN VERTEX for 'We Are Marshall'
INFO:root:ADDED UNSEEN VERTEX for 'The Notebook'
INFO:root:ADDED UNSEEN VERTEX for 'Ghostbusters II'
INFO:root:ADDED UNSEEN VERTEX for 'The Birds'
INFO:root:ADDED UNSEEN VERTEX for 'The Godfather: Part III'
INFO:root:ADDED UNSEEN VERTEX for 'Bottle Rocket'
INFO:root:ADDED UNSEEN VERTEX for 'To Have and Have Not'
INFO:root:ADDED UNSEEN VERTEX for 'Silverado'
INFO:root:ADDED UNSEEN VERTEX for 'I Am Legend'
INFO:root:ADDED UNSEEN VERTEX for 'Gods and Monsters'
INFO:root:ADDED UNSEEN VERTEX for '20th Century Women'
INFO:root:ADDED UNSEEN VERTEX for 'Doubt'
INFO:root:ADDED UNSEEN VERTEX for 'Signs'
INFO:root:ADDED UNSEEN VERTEX for 'Ray'
INFO:root:ADDED UNSEEN VERTEX for 'Hard Eight'
INFO:root:ADDED UNSEEN VERTEX for 'The Nightmare Before Christmas'
INFO:root:ADDED UNSEEN VERTEX for 'The Firm'
INFO:root:ADDED UNSEEN VERTEX for 'Bridesmaids'
INFO:root:ADDED UNSEEN VERTEX for 'White Men Can't Jump'
INFO:root:ADDED UNSEEN VERTEX for 'Never Say Never Again'
INFO:root:ADDED UNSEEN VERTEX for 'Jack Reacher'
INFO:root:ADDED UNSEEN VERTEX for 'Elysium'
INFO:root:ADDED UNSEEN VERTEX for 'Red Dragon'
INFO:root:ADDED UNSEEN VERTEX for 'Modern Times'
INFO:root:ADDED UNSEEN VERTEX for 'The Nice Guys'
INFO:root:ADDED UNSEEN VERTEX for 'Kynodontas'
INFO:root:ADDED UNSEEN VERTEX for 'X-Men Origins: Wolverine'
INFO:root:ADDED UNSEEN VERTEX for 'The Tale of the Princess Kaguya'
INFO:root:ADDED UNSEEN VERTEX for 'War Dogs'
INFO:root:ADDED UNSEEN VERTEX for ''71'
INFO:root:ADDED UNSEEN VERTEX for 'The Last King of Scotland'
INFO:root:ADDED UNSEEN VERTEX for 'Anomalisa'
INFO:root:ADDED UNSEEN VERTEX for 'Witness'
INFO:root:ADDED UNSEEN VERTEX for 'Seven Psychopaths'
INFO:root:ADDED UNSEEN VERTEX for 'Fearless'
INFO:root:ADDED UNSEEN VERTEX for 'The Terminator'
INFO:root:ADDED UNSEEN VERTEX for 'St. Elmo's Fire'
INFO:root:ADDED UNSEEN VERTEX for 'Planes, Trains & Automobiles'
INFO:root:ADDED UNSEEN VERTEX for 'Fences'
INFO:root:ADDED UNSEEN VERTEX for 'Eyes Wide Shut'
INFO:root:ADDED UNSEEN VERTEX for 'Neighbors'
INFO:root:ADDED UNSEEN VERTEX for '3 Women'
INFO:root:ADDED UNSEEN VERTEX for 'Panic Room'
INFO:root:ADDED UNSEEN VERTEX for 'For a Few Dollars More'
INFO:root:ADDED UNSEEN VERTEX for 'Detachment'
INFO:root:ADDED UNSEEN VERTEX for 'The Best of Me'
INFO:root:ADDED UNSEEN VERTEX for 'Pirates of the Caribbean: On Stranger Tides'
INFO:root:ADDED UNSEEN VERTEX for 'O Brother, Where Art Thou?'
INFO:root:ADDED UNSEEN VERTEX for 'The Quiet American'
INFO:root:ADDED UNSEEN VERTEX for 'Punch-Drunk Love'
INFO:root:ADDED UNSEEN VERTEX for 'Jarhead'
INFO:root:ADDED UNSEEN VERTEX for 'Wild at Heart'
INFO:root:ADDED UNSEEN VERTEX for 'Willy Wonka & the Chocolate Factory'
INFO:root:ADDED UNSEEN VERTEX for 'Body of Lies'
INFO:root:ADDED UNSEEN VERTEX for 'Key Largo'
INFO:root:ADDED UNSEEN VERTEX for 'Quantum of Solace'
INFO:root:ADDED UNSEEN VERTEX for 'Syriana'
INFO:root:ADDED UNSEEN VERTEX for 'Grease'
INFO:root:ADDED UNSEEN VERTEX for 'Argo'
INFO:root:ADDED UNSEEN VERTEX for 'Sleepy Hollow'
INFO:root:ADDED UNSEEN VERTEX for 'Darkest Hour'
INFO:root:ADDED UNSEEN VERTEX for 'The Hateful Eight'
INFO:root:ADDED UNSEEN VERTEX for 'Blue Velvet'
INFO:root:ADDED UNSEEN VERTEX for 'Towelhead'
INFO:root:ADDED UNSEEN VERTEX for 'Crimson Peak'
INFO:root:ADDED UNSEEN VERTEX for 'District 9'
INFO:root:ADDED UNSEEN VERTEX for 'Amores Perros'
INFO:root:ADDED UNSEEN VERTEX for 'Annie Hall'
INFO:root:ADDED UNSEEN VERTEX for 'Serpico'
INFO:root:ADDED UNSEEN VERTEX for 'Monsters University'
INFO:root:ADDED UNSEEN VERTEX for 'Wong Fei Hung'
INFO:root:ADDED UNSEEN VERTEX for 'Shrek 2'
INFO:root:ADDED UNSEEN VERTEX for 'Grumpy Old Men'
INFO:root:ADDED UNSEEN VERTEX for 'The Mist'
INFO:root:ADDED UNSEEN VERTEX for 'Speed'
INFO:root:ADDED UNSEEN VERTEX for 'The Hurt Locker'
INFO:root:ADDED UNSEEN VERTEX for 'Iron Man 2'
INFO:root:ADDED UNSEEN VERTEX for 'Superbad'
INFO:root:ADDED UNSEEN VERTEX for 'Call Me by Your Name'
INFO:root:ADDED UNSEEN VERTEX for 'Big'
INFO:root:ADDED UNSEEN VERTEX for 'Full Metal Jacket'
INFO:root:ADDED UNSEEN VERTEX for 'Shrek the Third'
INFO:root:ADDED UNSEEN VERTEX for 'Me Before You'
INFO:root:ADDED UNSEEN VERTEX for '127 Hours'
INFO:root:ADDED UNSEEN VERTEX for 'Snowden'
INFO:root:ADDED UNSEEN VERTEX for 'Manhunter'
INFO:root:ADDED UNSEEN VERTEX for 'The Help'
INFO:root:ADDED UNSEEN VERTEX for 'The Insider'
INFO:root:ADDED UNSEEN VERTEX for 'The Accountant'
INFO:root:ADDED UNSEEN VERTEX for 'Raiders of the Lost Ark'
INFO:root:ADDED UNSEEN VERTEX for 'Les Misrables'
INFO:root:ADDED UNSEEN VERTEX for 'Tomb Raider'
INFO:root:ADDED UNSEEN VERTEX for 'X-Men'
INFO:root:ADDED UNSEEN VERTEX for 'The Treasure of the Sierra Madre'
INFO:root:ADDED UNSEEN VERTEX for 'The Maltese Falcon'
INFO:root:ADDED UNSEEN VERTEX for 'James and the Giant Peach'
INFO:root:ADDED UNSEEN VERTEX for 'The Croods'
INFO:root:ADDED UNSEEN VERTEX for 'GoldenEye'
INFO:root:ADDED UNSEEN VERTEX for 'Koe no katachi'
INFO:root:ADDED UNSEEN VERTEX for 'Magic Mike'
INFO:root:ADDED UNSEEN VERTEX for 'The Ides of March'
INFO:root:ADDED UNSEEN VERTEX for 'X: First Class'
INFO:root:ADDED UNSEEN VERTEX for 'The Phantom of the Opera'
INFO:root:ADDED UNSEEN VERTEX for 'Gangs of New York'
INFO:root:ADDED UNSEEN VERTEX for 'The Tree of Life'
INFO:root:ADDED UNSEEN VERTEX for 'Adaptation.'
INFO:root:ADDED UNSEEN VERTEX for 'A Ghost Story'
INFO:root:ADDED UNSEEN VERTEX for 'Brokeback Mountain'
INFO:root:ADDED UNSEEN VERTEX for 'The American President'
INFO:root:ADDED UNSEEN VERTEX for 'Ponyo'
INFO:root:ADDED UNSEEN VERTEX for 'Source Code'
INFO:root:ADDED UNSEEN VERTEX for 'Mary Poppins'
INFO:root:ADDED UNSEEN VERTEX for 'Magnolia'
INFO:root:ADDED UNSEEN VERTEX for 'Glory Road'
INFO:root:ADDED UNSEEN VERTEX for 'Back to the Future Part III'
INFO:root:ADDED UNSEEN VERTEX for 'The Incredibles'
INFO:root:ADDED UNSEEN VERTEX for 'Mimi wo sumaseba'
INFO:root:ADDED UNSEEN VERTEX for 'The Amazing Spider-Man 2'
INFO:root:ADDED UNSEEN VERTEX for 'The Good, the Bad and the Ugly'
INFO:root:ADDED UNSEEN VERTEX for 'The Game'
INFO:root:ADDED UNSEEN VERTEX for 'Jungle Fever'
INFO:root:ADDED UNSEEN VERTEX for 'Dog Day Afternoon'
INFO:root:ADDED UNSEEN VERTEX for 'Looper'
INFO:root:ADDED UNSEEN VERTEX for 'The Butler'
INFO:root:ADDED UNSEEN VERTEX for 'Dark Places'
INFO:root:ADDED UNSEEN VERTEX for 'Blow'
INFO:root:ADDED UNSEEN VERTEX for 'The Producers'
INFO:root:ADDED UNSEEN VERTEX for 'The Green Mile'
INFO:root:ADDED UNSEEN VERTEX for 'The Client'
INFO:root:ADDED UNSEEN VERTEX for 'Halloween'
INFO:root:ADDED UNSEEN VERTEX for 'Demolition Man'
INFO:root:ADDED UNSEEN VERTEX for 'Koyaanisqatsi'
INFO:root:ADDED UNSEEN VERTEX for 'The Conjuring'
INFO:root:ADDED UNSEEN VERTEX for 'Dirty Pretty Things'
INFO:root:ADDED UNSEEN VERTEX for 'Super Size Me'
INFO:root:ADDED UNSEEN VERTEX for 'Apollo 13'
INFO:root:ADDED UNSEEN VERTEX for 'Miss Congeniality'
INFO:root:ADDED UNSEEN VERTEX for 'Pom Poko'
INFO:root:ADDED UNSEEN VERTEX for 'Space Jam'
INFO:root:ADDED UNSEEN VERTEX for 'Back to the Future Part II'
INFO:root:ADDED UNSEEN VERTEX for 'The Secret World of Arrietty'
INFO:root:ADDED UNSEEN VERTEX for 'Yip Man'
INFO:root:ADDED UNSEEN VERTEX for 'Inherent Vice'
INFO:root:ADDED UNSEEN VERTEX for 'Invictus'
INFO:root:ADDED UNSEEN VERTEX for 'Eagle vs Shark'
INFO:root:ADDED UNSEEN VERTEX for 'Spirit: Stallion of the Cimarron'
INFO:root:ADDED UNSEEN VERTEX for 'The Amazing Spider-Man'
INFO:root:ADDED UNSEEN VERTEX for 'Black Hawk Down'
INFO:root:ADDED UNSEEN VERTEX for 'Twin Peaks: Fire Walk with Me'
INFO:root:ADDED UNSEEN VERTEX for 'Law Abiding Citizen'
INFO:root:ADDED UNSEEN VERTEX for 'The Matrix Revolutions'
INFO:root:ADDED UNSEEN VERTEX for 'Tucker and Dale vs Evil'
INFO:root:ADDED UNSEEN VERTEX for 'Be Kind Rewind'
INFO:root:ADDED UNSEEN VERTEX for 'The Apostle'
INFO:root:ADDED UNSEEN VERTEX for 'In the Company of Men'
INFO:root:ADDED UNSEEN VERTEX for 'Wonder'
INFO:root:ADDED UNSEEN VERTEX for 'Orphan'
INFO:root:ADDED UNSEEN VERTEX for 'Love & Other Drugs'
INFO:root:ADDED UNSEEN VERTEX for 'Brothers'
INFO:root:ADDED UNSEEN VERTEX for 'Detroit Rock City'
INFO:root:ADDED UNSEEN VERTEX for 'Kingsman: The Golden Circle'
INFO:root:ADDED UNSEEN VERTEX for '21 Grams'
INFO:root:ADDED UNSEEN VERTEX for 'Lon: The Professional'
INFO:root:ADDED UNSEEN VERTEX for 'Corpse Bride'
INFO:root:ADDED UNSEEN VERTEX for 'Hitchcock'
INFO:root:ADDED UNSEEN VERTEX for 'Justice League'
INFO:root:ADDED UNSEEN VERTEX for 'The Outlaw Josey Wales'
INFO:root:ADDED UNSEEN VERTEX for 'Lilo & Stitch'
INFO:root:ADDED UNSEEN VERTEX for 'Die Hard'
INFO:root:ADDED UNSEEN VERTEX for 'A Serious Man'
INFO:root:ADDED UNSEEN VERTEX for 'American Sniper'
INFO:root:ADDED UNSEEN VERTEX for 'Rollerball'
INFO:root:ADDED UNSEEN VERTEX for 'L.A. Confidential'
INFO:root:ADDED UNSEEN VERTEX for 'Domino'
INFO:root:ADDED UNSEEN VERTEX for 'Iron Man Three'
INFO:root:ADDED UNSEEN VERTEX for 'Kingdom of Heaven'
INFO:root:ADDED UNSEEN VERTEX for 'Flightplan'
INFO:root:ADDED UNSEEN VERTEX for 'Hours'
INFO:root:ADDED UNSEEN VERTEX for 'Shame'
INFO:root:ADDED UNSEEN VERTEX for 'Dirty Dancing'
INFO:root:ADDED UNSEEN VERTEX for 'Batman Begins'
INFO:root:ADDED UNSEEN VERTEX for 'Johnny English'
INFO:root:ADDED UNSEEN VERTEX for 'Sexy Beast'
INFO:root:ADDED UNSEEN VERTEX for 'Shadow of the Vampire'
INFO:root:ADDED UNSEEN VERTEX for 'Last Tango in Paris'
INFO:root:ADDED UNSEEN VERTEX for '8MM'
INFO:root:ADDED UNSEEN VERTEX for 'Oblivion'
INFO:root:ADDED UNSEEN VERTEX for 'A Bug's Life'
INFO:root:ADDED UNSEEN VERTEX for 'My Week with Marilyn'
INFO:root:ADDED UNSEEN VERTEX for 'Harry Potter and the Prisoner of Azkaban'
INFO:root:ADDED UNSEEN VERTEX for 'Glory'
INFO:root:ADDED UNSEEN VERTEX for 'Ghost World'
INFO:root:ADDED UNSEEN VERTEX for 'Primal Fear'
INFO:root:ADDED UNSEEN VERTEX for 'The 40-Year-Old Virgin'
INFO:root:ADDED UNSEEN VERTEX for 'The Book of Henry'
INFO:root:ADDED UNSEEN VERTEX for 'The Pianist'
INFO:root:ADDED UNSEEN VERTEX for 'Public Enemies'
INFO:root:ADDED UNSEEN VERTEX for 'Scoop'
INFO:root:ADDED UNSEEN VERTEX for 'Food, Inc.'
INFO:root:ADDED UNSEEN VERTEX for 'The Dead Pool'
INFO:root:ADDED UNSEEN VERTEX for 'The Assassination of Jesse James by the Coward Robert Ford'
INFO:root:ADDED UNSEEN VERTEX for 'Eastern Promises'
INFO:root:ADDED UNSEEN VERTEX for 'Danny Collins'
INFO:root:ADDED UNSEEN VERTEX for 'Sinbad: Legend of the Seven Seas'
INFO:root:ADDED UNSEEN VERTEX for 'The Enforcer'
INFO:root:ADDED UNSEEN VERTEX for 'The A-Team'
INFO:root:ADDED UNSEEN VERTEX for 'Thor: The Dark World'
INFO:root:ADDED UNSEEN VERTEX for 'Hunger'
INFO:root:ADDED UNSEEN VERTEX for 'Meet the Parents'
INFO:root:ADDED UNSEEN VERTEX for 'Grindhouse'
INFO:root:ADDED UNSEEN VERTEX for 'Unbreakable'
INFO:root:ADDED UNSEEN VERTEX for 'The Accused'
INFO:root:ADDED UNSEEN VERTEX for 'Kick-Ass 2'
INFO:root:ADDED UNSEEN VERTEX for 'Kung Fu Panda 2'
INFO:root:ADDED UNSEEN VERTEX for 'Prometheus'
INFO:root:ADDED UNSEEN VERTEX for 'Nerve'
INFO:root:ADDED UNSEEN VERTEX for 'Starship Troopers'
INFO:root:ADDED UNSEEN VERTEX for 'Escape from New York'
INFO:root:ADDED UNSEEN VERTEX for 'Dances with Wolves'
INFO:root:ADDED UNSEEN VERTEX for 'Sinister'
INFO:root:ADDED UNSEEN VERTEX for 'Pitch Perfect 2'
INFO:root:ADDED UNSEEN VERTEX for 'National Lampoon's Vacation'
INFO:root:ADDED UNSEEN VERTEX for 'The Good Son'
INFO:root:ADDED UNSEEN VERTEX for 'Gone Baby Gone'
INFO:root:ADDED UNSEEN VERTEX for 'Armageddon'
INFO:root:ADDED UNSEEN VERTEX for 'Now You See Me'
INFO:root:ADDED UNSEEN VERTEX for 'Hercules'
INFO:root:ADDED UNSEEN VERTEX for 'Into the Wild'
INFO:root:ADDED UNSEEN VERTEX for 'The Prince of Egypt'
INFO:root:ADDED UNSEEN VERTEX for 'The Big Short'
INFO:root:ADDED UNSEEN VERTEX for 'The Hobbit: An Unexpected Journey'
INFO:root:ADDED UNSEEN VERTEX for 'Flashdance'
INFO:root:ADDED UNSEEN VERTEX for 'The Player'
INFO:root:ADDED UNSEEN VERTEX for 'Pitch Perfect 3'
INFO:root:ADDED UNSEEN VERTEX for 'Jagten'
INFO:root:ADDED UNSEEN VERTEX for 'Singin' in the Rain'
INFO:root:ADDED UNSEEN VERTEX for 'This Is the End'
INFO:root:ADDED UNSEEN VERTEX for 'Hatari!'
INFO:root:ADDED UNSEEN VERTEX for 'Margin Call'
INFO:root:ADDED UNSEEN VERTEX for 'Pride & Prejudice'
INFO:root:ADDED UNSEEN VERTEX for 'Blue Valentine'
INFO:root:ADDED UNSEEN VERTEX for 'Goon'
INFO:root:ADDED UNSEEN VERTEX for 'Lethal Weapon 3'
INFO:root:ADDED UNSEEN VERTEX for 'Captain Fantastic'
INFO:root:ADDED UNSEEN VERTEX for 'Indiana Jones and the Kingdom of the Crystal Skull'
INFO:root:ADDED UNSEEN VERTEX for 'Scent of a Woman'
INFO:root:ADDED UNSEEN VERTEX for 'Raising Arizona'
INFO:root:ADDED UNSEEN VERTEX for 'Unknown'
INFO:root:ADDED UNSEEN VERTEX for 'Close Encounters of the Third Kind'
INFO:root:ADDED UNSEEN VERTEX for 'Platoon'
INFO:root:ADDED UNSEEN VERTEX for 'Ransom'
INFO:root:ADDED UNSEEN VERTEX for 'Professione: reporter'
INFO:root:ADDED UNSEEN VERTEX for 'National Lampoon's Christmas Vacation'
INFO:root:ADDED UNSEEN VERTEX for 'Rocky'
INFO:root:ADDED UNSEEN VERTEX for 'American Gangster'
INFO:root:ADDED UNSEEN VERTEX for 'Half Baked'
INFO:root:ADDED UNSEEN VERTEX for 'Incendies'
INFO:root:ADDED UNSEEN VERTEX for 'Flight'
INFO:root:ADDED UNSEEN VERTEX for 'White Christmas'
INFO:root:ADDED UNSEEN VERTEX for 'The Constant Gardener'
INFO:root:ADDED UNSEEN VERTEX for 'Groundhog Day'
INFO:root:ADDED UNSEEN VERTEX for 'Crazy, Stupid, Love.'
INFO:root:ADDED UNSEEN VERTEX for '10 Cloverfield Lane'
INFO:root:ADDED UNSEEN VERTEX for 'Suicide Squad'
INFO:root:ADDED UNSEEN VERTEX for 'True Grit'
INFO:root:ADDED UNSEEN VERTEX for 'Gosford Park'
INFO:root:ADDED UNSEEN VERTEX for 'Sense and Sensibility'
INFO:root:ADDED UNSEEN VERTEX for 'Nick and Norah's Infinite Playlist'
INFO:root:ADDED UNSEEN VERTEX for 'New Jack City'
INFO:root:ADDED UNSEEN VERTEX for 'Everybody Wants Some!!'
INFO:root:ADDED UNSEEN VERTEX for 'Equilibrium'
INFO:root:ADDED UNSEEN VERTEX for 'Moonstruck'
INFO:root:ADDED UNSEEN VERTEX for 'Barry Lyndon'
INFO:root:ADDED UNSEEN VERTEX for 'Cape Fear'
INFO:root:ADDED UNSEEN VERTEX for 'The Darjeeling Limited'
INFO:root:ADDED UNSEEN VERTEX for 'Beauty and the Beast'
INFO:root:ADDED UNSEEN VERTEX for 'WarGames'
INFO:root:ADDED UNSEEN VERTEX for 'The Martian'
INFO:root:ADDED UNSEEN VERTEX for 'Cloud Atlas'
INFO:root:ADDED UNSEEN VERTEX for 'The Pirates! Band of Misfits'
INFO:root:ADDED UNSEEN VERTEX for 'Vertigo'
INFO:root:ADDED UNSEEN VERTEX for 'Madagascar'
INFO:root:ADDED UNSEEN VERTEX for 'Grizzly Man'
INFO:root:ADDED UNSEEN VERTEX for 'Get Him to the Greek'
INFO:root:ADDED UNSEEN VERTEX for 'House Party'
INFO:root:ADDED UNSEEN VERTEX for 'The Hunger Games'
INFO:root:ADDED UNSEEN VERTEX for 'Mission: Impossible'
INFO:root:ADDED UNSEEN VERTEX for 'Sing'
INFO:root:ADDED UNSEEN VERTEX for 'The Girl with the Dragon Tattoo'
INFO:root:ADDED UNSEEN VERTEX for 'Short Term 12'
INFO:root:ADDED UNSEEN VERTEX for 'Rachel Getting Married'
INFO:root:ADDED UNSEEN VERTEX for 'Coming to America'
INFO:root:ADDED UNSEEN VERTEX for 'Ant-Man'
INFO:root:ADDED UNSEEN VERTEX for 'Legally Blonde'
INFO:root:ADDED UNSEEN VERTEX for 'The Killing of a Sacred Deer'
INFO:root:ADDED UNSEEN VERTEX for 'The Sound of Music'
INFO:root:ADDED UNSEEN VERTEX for 'The Danish Girl'
INFO:root:ADDED UNSEEN VERTEX for 'Margaret'
INFO:root:ADDED UNSEEN VERTEX for 'Man of Steel'
INFO:root:ADDED UNSEEN VERTEX for 'Badlands'
INFO:root:ADDED UNSEEN VERTEX for 'Me and Earl and the Dying Girl'
INFO:root:ADDED UNSEEN VERTEX for 'Kiss Kiss Bang Bang'
INFO:root:ADDED UNSEEN VERTEX for 'Gremlins 2: The New Batch'
INFO:root:ADDED UNSEEN VERTEX for 'Mike and Dave Need Wedding Dates'
INFO:root:ADDED UNSEEN VERTEX for 'The Woman'
INFO:root:ADDED UNSEEN VERTEX for 'Gladiator'
INFO:root:ADDED UNSEEN VERTEX for 'Avatar'
INFO:root:ADDED UNSEEN VERTEX for 'Demolition'
INFO:root:ADDED UNSEEN VERTEX for 'Gifted'
INFO:root:ADDED UNSEEN VERTEX for 'Raging Bull'
INFO:root:ADDED UNSEEN VERTEX for 'Inside Llewyn Davis'
INFO:root:ADDED UNSEEN VERTEX for 'Insomnia'
INFO:root:ADDED UNSEEN VERTEX for 'The Tenant'
INFO:root:ADDED UNSEEN VERTEX for 'Braveheart'
INFO:root:ADDED UNSEEN VERTEX for 'Air Force One'
INFO:root:ADDED UNSEEN VERTEX for 'Munich'
INFO:root:ADDED UNSEEN VERTEX for 'Eraserhead'
INFO:root:ADDED UNSEEN VERTEX for 'Three Kings'
INFO:root:ADDED UNSEEN VERTEX for 'Carnage'
INFO:root:ADDED UNSEEN VERTEX for 'Insurgent'
INFO:root:ADDED UNSEEN VERTEX for 'Sisters'
INFO:root:ADDED UNSEEN VERTEX for 'Toki o kakeru shjo'
INFO:root:ADDED UNSEEN VERTEX for 'Out of the Furnace'
INFO:root:ADDED UNSEEN VERTEX for 'Searching for Bobby Fischer'
INFO:root:ADDED UNSEEN VERTEX for 'Ghost in the Shell 2: Innocence'
INFO:root:ADDED UNSEEN VERTEX for 'The Aviator'
INFO:root:ADDED UNSEEN VERTEX for 'Die Another Day'
INFO:root:ADDED UNSEEN VERTEX for 'Amlie'
INFO:root:ADDED UNSEEN VERTEX for 'The Squid and the Whale'
INFO:root:ADDED UNSEEN VERTEX for 'The Royal Tenenbaums'
INFO:root:ADDED UNSEEN VERTEX for 'Ghost'
INFO:root:ADDED UNSEEN VERTEX for 'Toy Story 2'
INFO:root:ADDED UNSEEN VERTEX for 'Sweet Home Alabama'
INFO:root:ADDED UNSEEN VERTEX for '50/50'
INFO:root:ADDED UNSEEN VERTEX for 'Mou gaan dou II'
INFO:root:ADDED UNSEEN VERTEX for 'Life Is Beautiful'
INFO:root:ADDED UNSEEN VERTEX for 'In the Bedroom'
INFO:root:ADDED UNSEEN VERTEX for 'Crouching Tiger, Hidden Dragon: Sword of Destiny'
INFO:root:ADDED UNSEEN VERTEX for 'Rear Window'
INFO:root:ADDED UNSEEN VERTEX for 'Infernal Affairs'
INFO:root:ADDED UNSEEN VERTEX for 'The Patriot'
INFO:root:ADDED UNSEEN VERTEX for 'Aladdin'
INFO:root:ADDED UNSEEN VERTEX for 'The Boxtrolls'
